<?xml version="1.0" encoding="UTF-8"?>
<testsuite xmlns:xsi="http://www.w3.org/2001/XMLSchema-instance" xsi:noNamespaceSchemaLocation="https://maven.apache.org/surefire/maven-surefire-plugin/xsd/surefire-test-report-3.0.xsd" version="3.0" name="com.ddemott.chessai.BoardCoreRulesTest" time="0.018" tests="11" errors="0" skipped="0" failures="0">
  <properties>
    <property name="java.specification.version" value="21"/>
    <property name="sun.cpu.isalist" value="amd64"/>
    <property name="sun.jnu.encoding" value="Cp1252"/>
    <property name="java.class.path" value="C:\Users\daled\OneDrive\Documents\GitHub\Java\ChessAI\target\test-classes;C:\Users\daled\OneDrive\Documents\GitHub\Java\ChessAI\target\classes;C:\Users\daled\.m2\repository\org\junit\jupiter\junit-jupiter\5.10.0\junit-jupiter-5.10.0.jar;C:\Users\daled\.m2\repository\org\junit\jupiter\junit-jupiter-api\5.10.0\junit-jupiter-api-5.10.0.jar;C:\Users\daled\.m2\repository\org\opentest4j\opentest4j\1.3.0\opentest4j-1.3.0.jar;C:\Users\daled\.m2\repository\org\junit\platform\junit-platform-commons\1.10.0\junit-platform-commons-1.10.0.jar;C:\Users\daled\.m2\repository\org\apiguardian\apiguardian-api\1.1.2\apiguardian-api-1.1.2.jar;C:\Users\daled\.m2\repository\org\junit\jupiter\junit-jupiter-params\5.10.0\junit-jupiter-params-5.10.0.jar;C:\Users\daled\.m2\repository\org\junit\jupiter\junit-jupiter-engine\5.10.0\junit-jupiter-engine-5.10.0.jar;C:\Users\daled\.m2\repository\org\junit\platform\junit-platform-engine\1.10.0\junit-platform-engine-1.10.0.jar;"/>
    <property name="java.vm.vendor" value="Oracle Corporation"/>
    <property name="sun.arch.data.model" value="64"/>
    <property name="user.variant" value=""/>
    <property name="java.vendor.url" value="https://java.oracle.com/"/>
    <property name="user.timezone" value="America/Chicago"/>
    <property name="os.name" value="Windows 11"/>
    <property name="java.vm.specification.version" value="21"/>
    <property name="sun.java.launcher" value="SUN_STANDARD"/>
    <property name="user.country" value="US"/>
    <property name="sun.boot.library.path" value="D:\development\Languages\Java\21\bin"/>
    <property name="sun.java.command" value="C:\Users\daled\AppData\Local\Temp\surefire14773517868110683851\surefirebooter-20250815075038470_3.jar C:\Users\daled\AppData\Local\Temp\surefire14773517868110683851 2025-08-15T07-50-38_384-jvmRun1 surefire-20250815075038470_1tmp surefire_0-20250815075038470_2tmp"/>
    <property name="jdk.debug" value="release"/>
    <property name="surefire.test.class.path" value="C:\Users\daled\OneDrive\Documents\GitHub\Java\ChessAI\target\test-classes;C:\Users\daled\OneDrive\Documents\GitHub\Java\ChessAI\target\classes;C:\Users\daled\.m2\repository\org\junit\jupiter\junit-jupiter\5.10.0\junit-jupiter-5.10.0.jar;C:\Users\daled\.m2\repository\org\junit\jupiter\junit-jupiter-api\5.10.0\junit-jupiter-api-5.10.0.jar;C:\Users\daled\.m2\repository\org\opentest4j\opentest4j\1.3.0\opentest4j-1.3.0.jar;C:\Users\daled\.m2\repository\org\junit\platform\junit-platform-commons\1.10.0\junit-platform-commons-1.10.0.jar;C:\Users\daled\.m2\repository\org\apiguardian\apiguardian-api\1.1.2\apiguardian-api-1.1.2.jar;C:\Users\daled\.m2\repository\org\junit\jupiter\junit-jupiter-params\5.10.0\junit-jupiter-params-5.10.0.jar;C:\Users\daled\.m2\repository\org\junit\jupiter\junit-jupiter-engine\5.10.0\junit-jupiter-engine-5.10.0.jar;C:\Users\daled\.m2\repository\org\junit\platform\junit-platform-engine\1.10.0\junit-platform-engine-1.10.0.jar;"/>
    <property name="sun.cpu.endian" value="little"/>
    <property name="user.home" value="C:\Users\daled"/>
    <property name="user.language" value="en"/>
    <property name="java.specification.vendor" value="Oracle Corporation"/>
    <property name="java.version.date" value="2025-07-15"/>
    <property name="java.home" value="D:\development\Languages\Java\21"/>
    <property name="file.separator" value="\"/>
    <property name="basedir" value="C:\Users\daled\OneDrive\Documents\GitHub\Java\ChessAI"/>
    <property name="java.vm.compressedOopsMode" value="Zero based"/>
    <property name="line.separator" value="&#10;"/>
    <property name="java.vm.specification.vendor" value="Oracle Corporation"/>
    <property name="java.specification.name" value="Java Platform API Specification"/>
    <property name="surefire.real.class.path" value="C:\Users\daled\AppData\Local\Temp\surefire14773517868110683851\surefirebooter-20250815075038470_3.jar"/>
    <property name="user.script" value=""/>
    <property name="sun.management.compiler" value="HotSpot 64-Bit Tiered Compilers"/>
    <property name="java.runtime.version" value="21.0.8+12-LTS-250"/>
    <property name="user.name" value="daled"/>
    <property name="stdout.encoding" value="Cp1252"/>
    <property name="path.separator" value=";"/>
    <property name="os.version" value="10.0"/>
    <property name="java.runtime.name" value="Java(TM) SE Runtime Environment"/>
    <property name="file.encoding" value="UTF-8"/>
    <property name="java.vm.name" value="Java HotSpot(TM) 64-Bit Server VM"/>
    <property name="localRepository" value="C:\Users\daled\.m2\repository"/>
    <property name="java.vendor.url.bug" value="https://bugreport.java.com/bugreport/"/>
    <property name="java.io.tmpdir" value="C:\Users\daled\AppData\Local\Temp\"/>
    <property name="java.version" value="21.0.8"/>
    <property name="user.dir" value="C:\Users\daled\OneDrive\Documents\GitHub\Java\ChessAI"/>
    <property name="os.arch" value="amd64"/>
    <property name="java.vm.specification.name" value="Java Virtual Machine Specification"/>
    <property name="sun.os.patch.level" value=""/>
    <property name="native.encoding" value="Cp1252"/>
    <property name="java.library.path" value="D:\development\Languages\Java\21\bin;C:\WINDOWS\Sun\Java\bin;C:\WINDOWS\system32;C:\WINDOWS;C:\Program Files\Common Files\Oracle\Java\javapath;C:\Program Files (x86)\Razer Chroma SDK\bin;C:\Program Files\Razer Chroma SDK\bin;C:\WINDOWS\system32;C:\WINDOWS;C:\WINDOWS\System32\Wbem;C:\WINDOWS\System32\WindowsPowerShell\v1.0\;C:\WINDOWS\System32\OpenSSH\;C:\Program Files (x86)\NVIDIA Corporation\PhysX\Common;C:\WINDOWS\system32\config\systemprofile\AppData\Local\Microsoft\WindowsApps;C:\Program Files (x86)\Razer\ChromaBroadcast\bin;C:\Program Files\Razer\ChromaBroadcast\bin;C:\Users\daled\AppData\Local\Microsoft\WindowsApps;D:\development\IDEs\Microsoft VS Code\bin;D:\development\Plugins\Maven\apache-maven-3.9.10\bin;D:\dev_installer\installer\jdk_install\jdk-21.0.2\bin;D:\development\Languages\Java\8\jdk-21.0.2\bin;C:\Program Files (x86)\Microsoft SQL Server\160\Tools\Binn\;C:\Program Files\Microsoft SQL Server\160\Tools\Binn\;C:\Program Files\Microsoft SQL Server\Client SDK\ODBC\170\Tools\Binn\;C:\Program Files\Microsoft SQL Server\160\DTS\Binn\;C:\ProgramData\chocolatey\bin;C:\Program Files\WebStorage Drive\1.3.5.121\;C:\Program Files\Git\cmd;C:\Program Files\Microsoft Visual Studio\2022\Community\MSBuild\Current\Bin;C:\WINDOWS\system32;C:\WINDOWS;C:\WINDOWS\System32\Wbem;C:\WINDOWS\System32\WindowsPowerShell\v1.0\;C:\WINDOWS\System32\OpenSSH\;C:\Program Files\NVIDIA Corporation\NVIDIA App\NvDLISR;C:\Program Files\nodejs\;D:\development\Languages\Java\21\bin;C:\Program Files\Amazon\AWSCLIV2\;C:\Users\daled\AppData\Local\Microsoft\WindowsApps;C:\Users\daled\AppData\Local\Programs\Microsoft VS Code\bin;C:\Users\daled\AppData\Local\GitHubDesktop\bin;;C:\Users\daled\AppData\Local\Microsoft\WindowsApps;C:\Users\daled\AppData\Roaming\npm;c:\Users\daled\AppData\Roaming\Code\User\globalStorage\github.copilot-chat\debugCommand;C:\Users\daled\dev\pyenv\pyenv-win\bin;C:\Users\daled\dev\pyenv\pyenv-win\shims;."/>
    <property name="java.vm.info" value="mixed mode, sharing"/>
    <property name="stderr.encoding" value="Cp1252"/>
    <property name="java.vendor" value="Oracle Corporation"/>
    <property name="java.vm.version" value="21.0.8+12-LTS-250"/>
    <property name="sun.io.unicode.encoding" value="UnicodeLittle"/>
    <property name="java.class.version" value="65.0"/>
  </properties>
  <testcase name="testEnPassantCapture" classname="com.ddemott.chessai.BoardCoreRulesTest" time="0.002">
    <system-out><![CDATA[  a b c d e f g h
8 r n b q k b n r 8
7 p p p p p p p p 7
6 . . . . . . . . 6
5 . . . . . . . . 5
4 . . . . P . . . 4
3 . . . . . . . . 3
2 P P P P . P P P 2
1 R N B Q K B N R 1
  a b c d e f g h

  a b c d e f g h
8 r n b q k b n r 8
7 p p p . p p p p 7
6 . . . . . . . . 6
5 . . . p . . . . 5
4 . . . . P . . . 4
3 . . . . . . . . 3
2 P P P P . P P P 2
1 R N B Q K B N R 1
  a b c d e f g h

En passant target after d7-d5: d6
En passant move success: true
  a b c d e f g h
8 r n b q k b n r 8
7 p p p . p p p p 7
6 . . . . . . . . 6
5 . . . P . . . . 5
4 . . . . . . . . 4
3 . . . . . . . . 3
2 P P P P . P P P 2
1 R N B Q K B N R 1
  a b c d e f g h

]]></system-out>
  </testcase>
  <testcase name="testThreefoldRepetition" classname="com.ddemott.chessai.BoardCoreRulesTest" time="0.001"/>
  <testcase name="testFiftyMoveRule" classname="com.ddemott.chessai.BoardCoreRulesTest" time="0.001"/>
  <testcase name="testCastlingKingSideAndQueenSide" classname="com.ddemott.chessai.BoardCoreRulesTest" time="0.002"/>
  <testcase name="testInsufficientMaterial" classname="com.ddemott.chessai.BoardCoreRulesTest" time="0.001"/>
  <testcase name="testEnPassantEdgeCases" classname="com.ddemott.chessai.BoardCoreRulesTest" time="0.0"/>
  <testcase name="testPinnedPieceCannotMove" classname="com.ddemott.chessai.BoardCoreRulesTest" time="0.003">
    <system-out><![CDATA[Board before move attempt:
  a b c d e f g h
8 . . . . r . . . 8
7 . . . . . . . . 7
6 . . . . . . . . 6
5 . . . . . . . . 5
4 . . . . . . . . 4
3 . . . . . . . . 3
2 . . . . B . . . 2
1 . . . . K . . . 1
  a b c d e f g h

Is king in check before move: false
Would moving bishop expose king: true
Bishop can move: false
Board after move attempt:
  a b c d e f g h
8 . . . . r . . . 8
7 . . . . . . . . 7
6 . . . . . . . . 6
5 . . . . . . . . 5
4 . . . . . . . . 4
3 . . . . . . . . 3
2 . . . . B . . . 2
1 . . . . K . . . 1
  a b c d e f g h

]]></system-out>
  </testcase>
  <testcase name="testPawnPromotion" classname="com.ddemott.chessai.BoardCoreRulesTest" time="0.001">
    <system-out><![CDATA[  a b c d e f g h
8 . n b q k b n r 8
7 . p p p p p p . 7
6 . . . . . . . p 6
5 . . . . . . . . 5
4 P . . . . . . . 4
3 . . . . . . . . 3
2 . P P P P P P P 2
1 R N B Q K B N R 1
  a b c d e f g h

  a b c d e f g h
8 . n b q k b n r 8
7 . p p p p p p . 7
6 . . . . . . . . 6
5 P . . . . . . p 5
4 . . . . . . . . 4
3 . . . . . . . . 3
2 . P P P P P P P 2
1 R N B Q K B N R 1
  a b c d e f g h

  a b c d e f g h
8 . n b q k b n r 8
7 . p p p p p p . 7
6 P . . . . . . . 6
5 . . . . . . . . 5
4 . . . . . . . p 4
3 . . . . . . . . 3
2 . P P P P P P P 2
1 R N B Q K B N R 1
  a b c d e f g h

  a b c d e f g h
8 . n b q k b n r 8
7 P p p p p p p . 7
6 . . . . . . . . 6
5 . . . . . . . . 5
4 . . . . . . . . 4
3 . . . . . . . p 3
2 . P P P P P P P 2
1 R N B Q K B N R 1
  a b c d e f g h

Pawn before promotion: P
Promotion move success: true
  a b c d e f g h
8 Q n b q k b n r 8
7 . p p p p p p . 7
6 . . . . . . . . 6
5 . . . . . . . . 5
4 . . . . . . . . 4
3 . . . . . . . p 3
2 . P P P P P P P 2
1 R N B Q K B N R 1
  a b c d e f g h

]]></system-out>
  </testcase>
  <testcase name="testStalemateDetection" classname="com.ddemott.chessai.BoardCoreRulesTest" time="0.0"/>
  <testcase name="testCastlingEdgeCases" classname="com.ddemott.chessai.BoardCoreRulesTest" time="0.0"/>
  <testcase name="testPromotionToAllPieceTypes" classname="com.ddemott.chessai.BoardCoreRulesTest" time="0.002"/>
</testsuite>